warning: in the working copy of 'file.txt', LF will be replaced by CRLF the next time Git touches it
=== working tree is clean; now modify file.txt ===
--- git status ---
 M file.txt
--- git diff ---
warning: in the working copy of 'file.txt', LF will be replaced by CRLF the next time Git touches it
diff --git a/file.txt b/file.txt
index e5c5c55..f53928e 100644
--- a/file.txt
+++ b/file.txt
@@ -1,2 +1,3 @@
 line one
-line two
+MODIFIED line two
+new line three

=== git stash — squirrel the changes away ===
warning: in the working copy of 'file.txt', LF will be replaced by CRLF the next time Git touches it
Saved working directory and index state WIP on master: 0cb312f initial commit
--- git status after stash (clean) ---
--- file.txt is back to committed state ---
line one
line two

=== git log --all --oneline (note the stash refs) ===
0cb312f initial commit
c7f1f99 WIP on master: 0cb312f initial commit
110cc95 index on master: 0cb312f initial commit
--- git stash list ---
stash@{0}: WIP on master: 0cb312f initial commit

=== git stash pop — restore the changes ===
On branch master
Changes not staged for commit:
  (use "git add <file>..." to update what will be committed)
  (use "git restore <file>..." to discard changes in working directory)
	modified:   file.txt

no changes added to commit (use "git add" and/or "git commit -a")
Dropped refs/stash@{0} (c7f1f9980bdc747285d541e3da2abf2fa4a8599a)
--- file.txt has our edits back ---
line one
MODIFIED line two
new line three

Use case: stash lets you switch branches / pull without committing
half-finished work, then reapply it afterwards.
